{"message":"Unauthorized request to path: /","level":"error"}
{"message":"Unauthorized request to path: /bookmarks","level":"error"}
{"message":"Bookmark with id 6503aacc-a06f-459b-9e30-cca32c335472 created","level":"info"}
{"message":"URL must include protocol (http/https)","level":"error"}
{"message":"URL must include protocol (http/https)","level":"error"}
{"message":"URL must include protocol (http/https)","level":"error"}
{"message":"URL must include protocol (http/https)","level":"error"}
{"message":"Bookmark with id c6d44f39-e629-4579-9d1a-1088808f73ac created","level":"info"}
{"message":"Bookmark with id 2906c32d-06ea-450d-90fa-a7e818b33f7c created","level":"info"}
{"message":"URL must include protocol (http/https)","level":"error"}
{"message":"Bookmark with id cb6f5525-d2b2-43a1-bff9-6da74c931bee created","level":"info"}
{"message":"Bookmark with id 0d9b2701-70f9-4621-81f4-cae1ab348ff8 created","level":"info"}
{"message":"Bookmark with id 575bde34-b380-4578-b7f5-09e72d6264d9 created","level":"info"}
{"message":"Bookmark with id 4e4bc2c5-5558-483b-9a8d-cdd038f167e2 created","level":"info"}
{"message":"URL must include protocol (http/https)","level":"error"}
{"message":"Bookmark with id 63d120e5-bddc-4395-bf30-c1a300428716 created","level":"info"}
{"message":"URL must include protocol (http/https)","level":"error"}
{"message":"Bookmark with id 400d59c9-d1b5-4497-bd4e-7c7c1aad9220 created","level":"info"}
{"message":"Bookmark with id 22dbd792-3ab7-463c-856d-21cca2670461 created","level":"info"}
{"message":"Bookmark with id 60323a80-8e3e-48af-b880-fab7fac290fe created","level":"info"}
{"message":"Bookmark with id 3470d416-88e8-41df-b193-386bd95ec75c created","level":"info"}
{"message":"List with id 3470d416-88e8-41df-b193-386bd95ec75c deleted.","level":"info"}
